-------------------------------------------------------------------------------
Test set: at.jku.swtesting.RingBufferTest
-------------------------------------------------------------------------------
Tests run: 1, Failures: 1, Errors: 0, Skipped: 0, Time elapsed: 0.035 s <<< FAILURE! - in at.jku.swtesting.RingBufferTest
at.jku.swtesting.RingBufferTest.test  Time elapsed: 0.019 s  <<< FAILURE!
org.opentest4j.AssertionFailedError: Not yet implemented
	at at.jku.swtesting.RingBufferTest.test(RingBufferTest.java:10)

