<?xml version="1.0" encoding="UTF-8"?>
<testsuite xmlns:xsi="http://www.w3.org/2001/XMLSchema-instance" xsi:noNamespaceSchemaLocation="https://maven.apache.org/surefire/maven-surefire-plugin/xsd/surefire-test-report-3.0.xsd" version="3.0" name="at.jku.swtesting.RingBufferTest" time="0.035" tests="1" errors="0" skipped="0" failures="1">
  <properties>
[...]
</properties>
  <testcase name="test" classname="at.jku.swtesting.RingBufferTest" time="0.019">
    <failure type="org.opentest4j.AssertionFailedError"><![CDATA[org.opentest4j.AssertionFailedError: Not yet implemented
	at at.jku.swtesting.RingBufferTest.test(RingBufferTest.java:10)
]]></failure>
  </testcase>
</testsuite>